0 info it worked if it ends with ok
1 verbose cli [ 'node',
1 verbose cli   '/usr/local/bin/npm',
1 verbose cli   'install',
1 verbose cli   'rework-plugin-colorsls' ]
2 info using npm@1.4.3
3 info using node@v0.10.26
4 verbose readDependencies using package.json deps
5 verbose cache add [ 'rework-plugin-colorsls', null ]
6 verbose cache add name=undefined spec="rework-plugin-colorsls" args=["rework-plugin-colorsls",null]
7 verbose parsed url { protocol: null,
7 verbose parsed url   slashes: null,
7 verbose parsed url   auth: null,
7 verbose parsed url   host: null,
7 verbose parsed url   port: null,
7 verbose parsed url   hostname: null,
7 verbose parsed url   hash: null,
7 verbose parsed url   search: null,
7 verbose parsed url   query: null,
7 verbose parsed url   pathname: 'rework-plugin-colorsls',
7 verbose parsed url   path: 'rework-plugin-colorsls',
7 verbose parsed url   href: 'rework-plugin-colorsls' }
8 silly lockFile e6048f4c-rework-plugin-colorsls rework-plugin-colorsls
9 verbose lock rework-plugin-colorsls /Users/davepoon/.npm/e6048f4c-rework-plugin-colorsls.lock
10 silly lockFile e6048f4c-rework-plugin-colorsls rework-plugin-colorsls
11 silly lockFile e6048f4c-rework-plugin-colorsls rework-plugin-colorsls
12 verbose addNamed [ 'rework-plugin-colorsls', '' ]
13 verbose addNamed [ null, '*' ]
14 silly lockFile 292f3dac-rework-plugin-colorsls rework-plugin-colorsls@
15 verbose lock rework-plugin-colorsls@ /Users/davepoon/.npm/292f3dac-rework-plugin-colorsls.lock
16 silly addNameRange { name: 'rework-plugin-colorsls', range: '*', hasData: false }
17 verbose url raw rework-plugin-colorsls
18 verbose url resolving [ 'https://registry.npmjs.org/', './rework-plugin-colorsls' ]
19 verbose url resolved https://registry.npmjs.org/rework-plugin-colorsls
20 info trying registry request attempt 1 at 22:42:10
21 http GET https://registry.npmjs.org/rework-plugin-colorsls
22 http 404 https://registry.npmjs.org/rework-plugin-colorsls
23 silly registry.get cb [ 404,
23 silly registry.get   { date: 'Mon, 09 Jun 2014 12:42:14 GMT',
23 silly registry.get     server: 'CouchDB/1.5.0 (Erlang OTP/R14B04)',
23 silly registry.get     'content-type': 'application/json',
23 silly registry.get     via: '1.1 varnish',
23 silly registry.get     'cache-control': 'max-age=0',
23 silly registry.get     'content-length': '52',
23 silly registry.get     'accept-ranges': 'bytes',
23 silly registry.get     age: '0',
23 silly registry.get     'x-served-by': 'cache-sv62-SJC3, cache-syd1623-SYD',
23 silly registry.get     'x-cache': 'MISS, MISS',
23 silly registry.get     'x-cache-hits': '0, 0',
23 silly registry.get     'x-timer': 'S1402317734.334657,VS0,VE346',
23 silly registry.get     'keep-alive': 'timeout=10, max=50',
23 silly registry.get     connection: 'Keep-Alive' } ]
24 silly lockFile 292f3dac-rework-plugin-colorsls rework-plugin-colorsls@
25 silly lockFile 292f3dac-rework-plugin-colorsls rework-plugin-colorsls@
26 error 404 'rework-plugin-colorsls' is not in the npm registry.
26 error 404 You should bug the author to publish it
26 error 404 It was specified as a dependency of 'unify'
26 error 404
26 error 404 Note that you can also install from a
26 error 404 tarball, folder, or http url, or git url.
27 error System Darwin 13.2.0
28 error command "node" "/usr/local/bin/npm" "install" "rework-plugin-colorsls"
29 error cwd /Users/davepoon/web-projects/unify
30 error node -v v0.10.26
31 error npm -v 1.4.3
32 error code E404
33 verbose exit [ 1, true ]
